<?xml version="1.0" encoding="UTF-8"?>
<testsuite name="co.edu.uniquindio.proyecto.Tests.VueloServicioTest" tests="1" skipped="0" failures="0" errors="0" timestamp="2022-05-07T03:55:20" hostname="DESKTOP-BS0KMG1" time="0.321">
  <properties/>
  <testcase name="eliminarVueloTest()" classname="co.edu.uniquindio.proyecto.Tests.VueloServicioTest" time="0.321"/>
  <system-out><![CDATA[22:55:08.763 [Test worker] DEBUG org.springframework.test.context.BootstrapUtils - Instantiating CacheAwareContextLoaderDelegate from class [org.springframework.test.context.cache.DefaultCacheAwareContextLoaderDelegate]
22:55:08.771 [Test worker] DEBUG org.springframework.test.context.BootstrapUtils - Instantiating BootstrapContext using constructor [public org.springframework.test.context.support.DefaultBootstrapContext(java.lang.Class,org.springframework.test.context.CacheAwareContextLoaderDelegate)]
22:55:08.801 [Test worker] DEBUG org.springframework.test.context.BootstrapUtils - Instantiating TestContextBootstrapper for test class [co.edu.uniquindio.proyecto.Tests.VueloServicioTest] from class [org.springframework.boot.test.context.SpringBootTestContextBootstrapper]
22:55:08.813 [Test worker] INFO org.springframework.boot.test.context.SpringBootTestContextBootstrapper - Neither @ContextConfiguration nor @ContextHierarchy found for test class [co.edu.uniquindio.proyecto.Tests.VueloServicioTest], using SpringBootContextLoader
22:55:08.816 [Test worker] DEBUG org.springframework.test.context.support.AbstractContextLoader - Did not detect default resource location for test class [co.edu.uniquindio.proyecto.Tests.VueloServicioTest]: class path resource [co/edu/uniquindio/proyecto/Tests/VueloServicioTest-context.xml] does not exist
22:55:08.816 [Test worker] DEBUG org.springframework.test.context.support.AbstractContextLoader - Did not detect default resource location for test class [co.edu.uniquindio.proyecto.Tests.VueloServicioTest]: class path resource [co/edu/uniquindio/proyecto/Tests/VueloServicioTestContext.groovy] does not exist
22:55:08.817 [Test worker] INFO org.springframework.test.context.support.AbstractContextLoader - Could not detect default resource locations for test class [co.edu.uniquindio.proyecto.Tests.VueloServicioTest]: no resource found for suffixes {-context.xml, Context.groovy}.
22:55:08.852 [Test worker] DEBUG org.springframework.test.context.support.ActiveProfilesUtils - Could not find an 'annotation declaring class' for annotation type [org.springframework.test.context.ActiveProfiles] and class [co.edu.uniquindio.proyecto.Tests.VueloServicioTest]
22:55:08.961 [Test worker] DEBUG org.springframework.boot.test.context.SpringBootTestContextBootstrapper - @TestExecutionListeners is not present for class [co.edu.uniquindio.proyecto.Tests.VueloServicioTest]: using defaults.
22:55:08.961 [Test worker] INFO org.springframework.boot.test.context.SpringBootTestContextBootstrapper - Loaded default TestExecutionListener class names from location [META-INF/spring.factories]: [org.springframework.boot.test.autoconfigure.restdocs.RestDocsTestExecutionListener, org.springframework.boot.test.autoconfigure.web.client.MockRestServiceServerResetTestExecutionListener, org.springframework.boot.test.autoconfigure.web.servlet.MockMvcPrintOnlyOnFailureTestExecutionListener, org.springframework.boot.test.autoconfigure.web.servlet.WebDriverTestExecutionListener, org.springframework.boot.test.autoconfigure.webservices.client.MockWebServiceServerTestExecutionListener, org.springframework.boot.test.mock.mockito.MockitoTestExecutionListener, org.springframework.boot.test.mock.mockito.ResetMocksTestExecutionListener, org.springframework.test.context.web.ServletTestExecutionListener, org.springframework.test.context.support.DirtiesContextBeforeModesTestExecutionListener, org.springframework.test.context.event.ApplicationEventsTestExecutionListener, org.springframework.test.context.support.DependencyInjectionTestExecutionListener, org.springframework.test.context.support.DirtiesContextTestExecutionListener, org.springframework.test.context.transaction.TransactionalTestExecutionListener, org.springframework.test.context.jdbc.SqlScriptsTestExecutionListener, org.springframework.test.context.event.EventPublishingTestExecutionListener]
22:55:08.975 [Test worker] INFO org.springframework.boot.test.context.SpringBootTestContextBootstrapper - Using TestExecutionListeners: [org.springframework.test.context.web.ServletTestExecutionListener@58cb6142, org.springframework.test.context.support.DirtiesContextBeforeModesTestExecutionListener@32e11742, org.springframework.test.context.event.ApplicationEventsTestExecutionListener@64065deb, org.springframework.boot.test.mock.mockito.MockitoTestExecutionListener@69def0f8, org.springframework.boot.test.autoconfigure.SpringBootDependencyInjectionTestExecutionListener@6a9c4df0, org.springframework.test.context.support.DirtiesContextTestExecutionListener@507d0ce6, org.springframework.test.context.transaction.TransactionalTestExecutionListener@6c2ea07, org.springframework.test.context.jdbc.SqlScriptsTestExecutionListener@18058317, org.springframework.test.context.event.EventPublishingTestExecutionListener@10feae2a, org.springframework.boot.test.autoconfigure.restdocs.RestDocsTestExecutionListener@285c9aef, org.springframework.boot.test.autoconfigure.web.client.MockRestServiceServerResetTestExecutionListener@39dfdf31, org.springframework.boot.test.autoconfigure.web.servlet.MockMvcPrintOnlyOnFailureTestExecutionListener@d76fe26, org.springframework.boot.test.autoconfigure.web.servlet.WebDriverTestExecutionListener@689c9e5c, org.springframework.boot.test.autoconfigure.webservices.client.MockWebServiceServerTestExecutionListener@24dbea42, org.springframework.boot.test.mock.mockito.ResetMocksTestExecutionListener@633a9fbf]
22:55:08.978 [Test worker] DEBUG org.springframework.test.context.support.AbstractDirtiesContextTestExecutionListener - Before test class: context [DefaultTestContext@76048d80 testClass = VueloServicioTest, testInstance = [null], testMethod = [null], testException = [null], mergedContextConfiguration = [WebMergedContextConfiguration@4069e936 testClass = VueloServicioTest, locations = '{}', classes = '{class co.edu.uniquindio.proyecto.NegocioApplication}', contextInitializerClasses = '[]', activeProfiles = '{}', propertySourceLocations = '{}', propertySourceProperties = '{org.springframework.boot.test.context.SpringBootTestContextBootstrapper=true}', contextCustomizers = set[org.springframework.boot.test.autoconfigure.actuate.metrics.MetricsExportContextCustomizerFactory$DisableMetricExportContextCustomizer@520f47e, org.springframework.boot.test.autoconfigure.properties.PropertyMappingContextCustomizer@0, org.springframework.boot.test.autoconfigure.web.servlet.WebDriverContextCustomizerFactory$Customizer@c572263, org.springframework.boot.test.context.filter.ExcludeFilterContextCustomizer@3cf4729a, org.springframework.boot.test.json.DuplicateJsonObjectContextCustomizerFactory$DuplicateJsonObjectContextCustomizer@1aba0803, org.springframework.boot.test.mock.mockito.MockitoContextCustomizer@0, org.springframework.boot.test.web.client.TestRestTemplateContextCustomizer@33a8cff1, org.springframework.boot.test.context.SpringBootTestArgs@1, org.springframework.boot.test.context.SpringBootTestWebEnvironment@17707cb3], resourceBasePath = 'src/main/webapp', contextLoader = 'org.springframework.boot.test.context.SpringBootContextLoader', parent = [null]], attributes = map['org.springframework.test.context.web.ServletTestExecutionListener.activateListener' -> true]], class annotated with @DirtiesContext [false] with mode [null].

  .   ____          _            __ _ _
 /\\ / ___'_ __ _ _(_)_ __  __ _ \ \ \ \
( ( )\___ | '_ | '_| | '_ \/ _` | \ \ \ \
 \\/  ___)| |_)| | | | | || (_| |  ) ) ) )
  '  |____| .__|_| |_|_| |_\__, | / / / /
 =========|_|==============|___/=/_/_/_/
 :: Spring Boot ::                (v2.6.4)

2022-05-06 22:55:09.268  INFO 25816 --- [    Test worker] c.e.u.proyecto.Tests.VueloServicioTest   : Starting VueloServicioTest using Java 11.0.14.1 on DESKTOP-BS0KMG1 with PID 25816 (started by usuario in C:\Users\usuario\Documents\GitHub\Proyecto-Avanzada-2022-1\Negocio)
2022-05-06 22:55:09.269  INFO 25816 --- [    Test worker] c.e.u.proyecto.Tests.VueloServicioTest   : No active profile set, falling back to 1 default profile: "default"
2022-05-06 22:55:09.897  INFO 25816 --- [    Test worker] .s.d.r.c.RepositoryConfigurationDelegate : Bootstrapping Spring Data JPA repositories in DEFAULT mode.
2022-05-06 22:55:09.980  INFO 25816 --- [    Test worker] .s.d.r.c.RepositoryConfigurationDelegate : Finished Spring Data repository scanning in 75 ms. Found 12 JPA repository interfaces.
2022-05-06 22:55:10.567  INFO 25816 --- [    Test worker] o.hibernate.jpa.internal.util.LogHelper  : HHH000204: Processing PersistenceUnitInfo [name: default]
2022-05-06 22:55:10.633  INFO 25816 --- [    Test worker] org.hibernate.Version                    : HHH000412: Hibernate ORM core version 5.6.5.Final
2022-05-06 22:55:10.822  INFO 25816 --- [    Test worker] o.hibernate.annotations.common.Version   : HCANN000001: Hibernate Commons Annotations {5.1.2.Final}
2022-05-06 22:55:10.941  INFO 25816 --- [    Test worker] com.zaxxer.hikari.HikariDataSource       : HikariPool-1 - Starting...
2022-05-06 22:55:11.225  INFO 25816 --- [    Test worker] com.zaxxer.hikari.HikariDataSource       : HikariPool-1 - Start completed.
2022-05-06 22:55:11.259  INFO 25816 --- [    Test worker] org.hibernate.dialect.Dialect            : HHH000400: Using dialect: org.hibernate.dialect.MySQL8Dialect
2022-05-06 22:55:11.330  WARN 25816 --- [    Test worker] org.hibernate.cfg.AnnotationBinder       : HHH000503: A class should not be annotated with both @Inheritance and @MappedSuperclass. @Inheritance will be ignored for: co.edu.uniquindio.proyecto.Entidades.Persona.
Hibernate: alter table cama drop foreign key FK3ojocinpowwm5gkeke3d18pmu
Hibernate: alter table caracteristica_habitaciones drop foreign key FKii24lnt7i51el4s88p1ysqedv
Hibernate: alter table caracteristica_habitaciones drop foreign key FK3fqyqtj5964sc6pn3thut95d1
Hibernate: alter table caracteristica_hoteles drop foreign key FK9uqlxxrn2328jyck6i7iuyuec
Hibernate: alter table caracteristica_hoteles drop foreign key FKbqmvllvc87c8bj0hnw1pctywa
Hibernate: alter table cliente drop foreign key FKgjolbd7i6aut2x9feeyv07fag
Hibernate: alter table cliente_telefono drop foreign key FK9je1rm9kmeci8r9uruyrgoiva
Hibernate: alter table comentario drop foreign key FKlms2af3rb2xgiasyuqq70p7ny
Hibernate: alter table habitacion drop foreign key FKkymdi31eoiypjjuwjgh07uoyj
Hibernate: alter table habitacion_ruta drop foreign key FK7s5qracmsgcnsc5rsxnqry7v9
Hibernate: alter table hotel drop foreign key FKe375r0crqk9ou038ud6h5fhb1
Hibernate: alter table hotel drop foreign key FK95kt82f3akrei0pqrsgco8tft
Hibernate: alter table hotel_ruta drop foreign key FKckk0c33549ibw5vsjjum394t3
Hibernate: alter table reserva drop foreign key FK7n1wjkw1vcrssjabaquo3954u
Hibernate: alter table reserva drop foreign key FKl062urtc68cbks8t1hfah3c0k
Hibernate: alter table reserva_habitaciones drop foreign key FKgij2uk4b3vysnunwpdg7h5e6d
Hibernate: alter table reserva_habitaciones drop foreign key FK6xilx3fgn4cx00ejsdsraugwr
Hibernate: alter table reserva_sillas drop foreign key FKo1le24keela6klfacknw02ww
Hibernate: alter table reserva_sillas drop foreign key FKg3v7cpvtqd62ybhw2umhq0hfk
Hibernate: alter table silla drop foreign key FK3a9k5m2qws1obfnklsty8oqwt
Hibernate: alter table vuelo drop foreign key FK2ua2xlcbu23cmqe1fav91iubx
Hibernate: alter table vuelo drop foreign key FKlh4bg8bnnwscidmxke3dmevig
Hibernate: drop table if exists administrador
Hibernate: drop table if exists administrador_hotel
Hibernate: drop table if exists cama
Hibernate: drop table if exists caracteristica
Hibernate: drop table if exists caracteristica_habitaciones
Hibernate: drop table if exists caracteristica_hoteles
Hibernate: drop table if exists ciudad
Hibernate: drop table if exists cliente
Hibernate: drop table if exists cliente_telefono
Hibernate: drop table if exists comentario
Hibernate: drop table if exists habitacion
Hibernate: drop table if exists habitacion_ruta
Hibernate: drop table if exists hotel
Hibernate: drop table if exists hotel_ruta
Hibernate: drop table if exists reserva
Hibernate: drop table if exists reserva_habitaciones
Hibernate: drop table if exists reserva_sillas
Hibernate: drop table if exists silla
Hibernate: drop table if exists vuelo
Hibernate: create table administrador (cedula varchar(10) not null, email varchar(150) not null, nombre varchar(15) not null, password varchar(15) not null, codigo integer not null, primary key (cedula)) engine=InnoDB
Hibernate: create table administrador_hotel (cedula varchar(10) not null, email varchar(150) not null, nombre varchar(15) not null, password varchar(15) not null, codigo integer not null, primary key (cedula)) engine=InnoDB
Hibernate: create table cama (codigo integer not null auto_increment, numero integer not null, tipo integer not null, habitacion_codigo integer not null, primary key (codigo)) engine=InnoDB
Hibernate: create table caracteristica (codigo integer not null auto_increment, contenido varchar(200) not null, primary key (codigo)) engine=InnoDB
Hibernate: create table caracteristica_habitaciones (caracteristicas_codigo integer not null, habitaciones_codigo integer not null) engine=InnoDB
Hibernate: create table caracteristica_hoteles (caracteristicas_codigo integer not null, hoteles_codigo integer not null) engine=InnoDB
Hibernate: create table ciudad (codigo integer not null auto_increment, nombre varchar(100) not null, primary key (codigo)) engine=InnoDB
Hibernate: create table cliente (cedula varchar(10) not null, email varchar(150) not null, nombre varchar(15) not null, password varchar(15) not null, ciudad_codigo integer, primary key (cedula)) engine=InnoDB
Hibernate: create table cliente_telefono (cliente_cedula varchar(255) not null, telefono varchar(255)) engine=InnoDB
Hibernate: create table comentario (codigo integer not null auto_increment, calificacion integer not null, comentario varchar(255) not null, hotel_codigo integer, primary key (codigo)) engine=InnoDB
Hibernate: create table habitacion (codigo integer not null auto_increment, numero integer not null, precio double precision not null, hotel_codigo integer not null, primary key (codigo)) engine=InnoDB
Hibernate: create table habitacion_ruta (habitacion_codigo integer not null, ruta varchar(255) not null) engine=InnoDB
Hibernate: create table hotel (codigo integer not null auto_increment, direccion varchar(255) not null, nombre varchar(100) not null, numero_de_estrellas integer, administrador_hotel_cedula varchar(255), destino_codigo integer, primary key (codigo)) engine=InnoDB
Hibernate: create table hotel_ruta (hotel_codigo integer not null, ruta varchar(255)) engine=InnoDB
Hibernate: create table reserva (codigo integer not null auto_increment, cantidad_de_clientes integer not null, costo_total double precision not null, fecha_final date not null, fecha_inicio date not null, cliente_cedula varchar(255) not null, vuelo_codigo integer, primary key (codigo)) engine=InnoDB
Hibernate: create table reserva_habitaciones (reservas_codigo integer not null, habitaciones_codigo integer not null) engine=InnoDB
Hibernate: create table reserva_sillas (reservas_codigo integer not null, sillas_codigo integer not null) engine=InnoDB
Hibernate: create table silla (codigo integer not null auto_increment, disponibilidad bit not null, numero integer not null, valor double precision not null, vuelo_codigo integer not null, primary key (codigo)) engine=InnoDB
Hibernate: create table vuelo (codigo integer not null auto_increment, cantidad_de_sillas integer not null, fecha date not null, destino_codigo integer not null, origen_codigo integer not null, primary key (codigo)) engine=InnoDB
Hibernate: alter table administrador add constraint UK_h121ki47maojpkmvdvqf87ybo unique (email)
Hibernate: alter table administrador add constraint UK_q1iy4s4qj5hrjgb2pajlrpgmy unique (codigo)
Hibernate: alter table administrador_hotel add constraint UK_crabl7m9od3mscj453vx1abq9 unique (email)
Hibernate: alter table administrador_hotel add constraint UK_m34w1xw35iho7d0dgnvfywabt unique (codigo)
Hibernate: alter table cliente add constraint UK_cmxo70m08n43599l3h0h07cc6 unique (email)
Hibernate: alter table cama add constraint FK3ojocinpowwm5gkeke3d18pmu foreign key (habitacion_codigo) references habitacion (codigo)
Hibernate: alter table caracteristica_habitaciones add constraint FKii24lnt7i51el4s88p1ysqedv foreign key (habitaciones_codigo) references habitacion (codigo)
Hibernate: alter table caracteristica_habitaciones add constraint FK3fqyqtj5964sc6pn3thut95d1 foreign key (caracteristicas_codigo) references caracteristica (codigo)
Hibernate: alter table caracteristica_hoteles add constraint FK9uqlxxrn2328jyck6i7iuyuec foreign key (hoteles_codigo) references hotel (codigo)
Hibernate: alter table caracteristica_hoteles add constraint FKbqmvllvc87c8bj0hnw1pctywa foreign key (caracteristicas_codigo) references caracteristica (codigo)
Hibernate: alter table cliente add constraint FKgjolbd7i6aut2x9feeyv07fag foreign key (ciudad_codigo) references ciudad (codigo) on delete cascade
Hibernate: alter table cliente_telefono add constraint FK9je1rm9kmeci8r9uruyrgoiva foreign key (cliente_cedula) references cliente (cedula)
Hibernate: alter table comentario add constraint FKlms2af3rb2xgiasyuqq70p7ny foreign key (hotel_codigo) references hotel (codigo)
Hibernate: alter table habitacion add constraint FKkymdi31eoiypjjuwjgh07uoyj foreign key (hotel_codigo) references hotel (codigo)
Hibernate: alter table habitacion_ruta add constraint FK7s5qracmsgcnsc5rsxnqry7v9 foreign key (habitacion_codigo) references habitacion (codigo)
Hibernate: alter table hotel add constraint FKe375r0crqk9ou038ud6h5fhb1 foreign key (administrador_hotel_cedula) references administrador_hotel (cedula)
Hibernate: alter table hotel add constraint FK95kt82f3akrei0pqrsgco8tft foreign key (destino_codigo) references ciudad (codigo)
Hibernate: alter table hotel_ruta add constraint FKckk0c33549ibw5vsjjum394t3 foreign key (hotel_codigo) references hotel (codigo)
Hibernate: alter table reserva add constraint FK7n1wjkw1vcrssjabaquo3954u foreign key (cliente_cedula) references cliente (cedula) on delete cascade
Hibernate: alter table reserva add constraint FKl062urtc68cbks8t1hfah3c0k foreign key (vuelo_codigo) references vuelo (codigo)
Hibernate: alter table reserva_habitaciones add constraint FKgij2uk4b3vysnunwpdg7h5e6d foreign key (habitaciones_codigo) references habitacion (codigo)
Hibernate: alter table reserva_habitaciones add constraint FK6xilx3fgn4cx00ejsdsraugwr foreign key (reservas_codigo) references reserva (codigo)
Hibernate: alter table reserva_sillas add constraint FKo1le24keela6klfacknw02ww foreign key (sillas_codigo) references silla (codigo)
Hibernate: alter table reserva_sillas add constraint FKg3v7cpvtqd62ybhw2umhq0hfk foreign key (reservas_codigo) references reserva (codigo)
Hibernate: alter table silla add constraint FK3a9k5m2qws1obfnklsty8oqwt foreign key (vuelo_codigo) references vuelo (codigo)
Hibernate: alter table vuelo add constraint FK2ua2xlcbu23cmqe1fav91iubx foreign key (destino_codigo) references ciudad (codigo)
Hibernate: alter table vuelo add constraint FKlh4bg8bnnwscidmxke3dmevig foreign key (origen_codigo) references ciudad (codigo)
2022-05-06 22:55:18.475  INFO 25816 --- [    Test worker] o.h.e.t.j.p.i.JtaPlatformInitiator       : HHH000490: Using JtaPlatform implementation: [org.hibernate.engine.transaction.jta.platform.internal.NoJtaPlatform]
2022-05-06 22:55:18.484  INFO 25816 --- [    Test worker] j.LocalContainerEntityManagerFactoryBean : Initialized JPA EntityManagerFactory for persistence unit 'default'
2022-05-06 22:55:19.752  WARN 25816 --- [    Test worker] JpaBaseConfiguration$JpaWebConfiguration : spring.jpa.open-in-view is enabled by default. Therefore, database queries may be performed during view rendering. Explicitly configure spring.jpa.open-in-view to disable this warning
2022-05-06 22:55:20.853  INFO 25816 --- [    Test worker] c.e.u.proyecto.Tests.VueloServicioTest   : Started VueloServicioTest in 11.847 seconds (JVM running for 12.88)
2022-05-06 22:55:20.890  INFO 25816 --- [    Test worker] o.s.t.c.transaction.TransactionContext   : Began transaction (1) for test context [DefaultTestContext@76048d80 testClass = VueloServicioTest, testInstance = co.edu.uniquindio.proyecto.Tests.VueloServicioTest@420ef12c, testMethod = eliminarVueloTest@VueloServicioTest, testException = [null], mergedContextConfiguration = [WebMergedContextConfiguration@4069e936 testClass = VueloServicioTest, locations = '{}', classes = '{class co.edu.uniquindio.proyecto.NegocioApplication}', contextInitializerClasses = '[]', activeProfiles = '{}', propertySourceLocations = '{}', propertySourceProperties = '{org.springframework.boot.test.context.SpringBootTestContextBootstrapper=true}', contextCustomizers = set[org.springframework.boot.test.autoconfigure.actuate.metrics.MetricsExportContextCustomizerFactory$DisableMetricExportContextCustomizer@520f47e, org.springframework.boot.test.autoconfigure.properties.PropertyMappingContextCustomizer@0, org.springframework.boot.test.autoconfigure.web.servlet.WebDriverContextCustomizerFactory$Customizer@c572263, org.springframework.boot.test.context.filter.ExcludeFilterContextCustomizer@3cf4729a, org.springframework.boot.test.json.DuplicateJsonObjectContextCustomizerFactory$DuplicateJsonObjectContextCustomizer@1aba0803, org.springframework.boot.test.mock.mockito.MockitoContextCustomizer@0, org.springframework.boot.test.web.client.TestRestTemplateContextCustomizer@33a8cff1, org.springframework.boot.test.context.SpringBootTestArgs@1, org.springframework.boot.test.context.SpringBootTestWebEnvironment@17707cb3], resourceBasePath = 'src/main/webapp', contextLoader = 'org.springframework.boot.test.context.SpringBootContextLoader', parent = [null]], attributes = map['org.springframework.test.context.web.ServletTestExecutionListener.activateListener' -> true, 'org.springframework.test.context.web.ServletTestExecutionListener.populatedRequestContextHolder' -> true, 'org.springframework.test.context.web.ServletTestExecutionListener.resetRequestContextHolder' -> true, 'org.springframework.test.context.event.ApplicationEventsTestExecutionListener.recordApplicationEvents' -> false]]; transaction manager [org.springframework.orm.jpa.JpaTransactionManager@16c95ea]; rollback [true]
Hibernate: select vuelo0_.codigo as codigo1_18_0_, vuelo0_.cantidad_de_sillas as cantidad2_18_0_, vuelo0_.destino_codigo as destino_4_18_0_, vuelo0_.fecha as fecha3_18_0_, vuelo0_.origen_codigo as origen_c5_18_0_, ciudad1_.codigo as codigo1_6_1_, ciudad1_.nombre as nombre2_6_1_, ciudad2_.codigo as codigo1_6_2_, ciudad2_.nombre as nombre2_6_2_ from vuelo vuelo0_ inner join ciudad ciudad1_ on vuelo0_.destino_codigo=ciudad1_.codigo inner join ciudad ciudad2_ on vuelo0_.origen_codigo=ciudad2_.codigo where vuelo0_.codigo=?
Hibernate: select reservas0_.vuelo_codigo as vuelo_co7_14_0_, reservas0_.codigo as codigo1_14_0_, reservas0_.codigo as codigo1_14_1_, reservas0_.cantidad_de_clientes as cantidad2_14_1_, reservas0_.cliente_cedula as cliente_6_14_1_, reservas0_.costo_total as costo_to3_14_1_, reservas0_.fecha_final as fecha_fi4_14_1_, reservas0_.fecha_inicio as fecha_in5_14_1_, reservas0_.vuelo_codigo as vuelo_co7_14_1_, cliente1_.cedula as cedula1_7_2_, cliente1_.email as email2_7_2_, cliente1_.nombre as nombre3_7_2_, cliente1_.password as password4_7_2_, cliente1_.ciudad_codigo as ciudad_c5_7_2_, ciudad2_.codigo as codigo1_6_3_, ciudad2_.nombre as nombre2_6_3_ from reserva reservas0_ inner join cliente cliente1_ on reservas0_.cliente_cedula=cliente1_.cedula left outer join ciudad ciudad2_ on cliente1_.ciudad_codigo=ciudad2_.codigo where reservas0_.vuelo_codigo=?
Hibernate: select sillas0_.vuelo_codigo as vuelo_co5_17_0_, sillas0_.codigo as codigo1_17_0_, sillas0_.codigo as codigo1_17_1_, sillas0_.disponibilidad as disponib2_17_1_, sillas0_.numero as numero3_17_1_, sillas0_.valor as valor4_17_1_, sillas0_.vuelo_codigo as vuelo_co5_17_1_ from silla sillas0_ where sillas0_.vuelo_codigo=?
Hibernate: delete from reserva_habitaciones where reservas_codigo=?
Hibernate: delete from reserva_sillas where reservas_codigo=?
Hibernate: delete from reserva where codigo=?
Hibernate: delete from silla where codigo=?
Hibernate: delete from silla where codigo=?
Hibernate: delete from silla where codigo=?
Hibernate: delete from silla where codigo=?
Hibernate: delete from silla where codigo=?
Hibernate: delete from silla where codigo=?
Hibernate: delete from silla where codigo=?
Hibernate: delete from silla where codigo=?
Hibernate: delete from silla where codigo=?
Hibernate: delete from vuelo where codigo=?
Hibernate: select count(*) as col_0_0_ from vuelo vuelo0_ where vuelo0_.codigo=?
true
Hibernate: select vuelo0_.codigo as codigo1_18_, vuelo0_.cantidad_de_sillas as cantidad2_18_, vuelo0_.destino_codigo as destino_4_18_, vuelo0_.fecha as fecha3_18_, vuelo0_.origen_codigo as origen_c5_18_ from vuelo vuelo0_
Hibernate: select ciudad0_.codigo as codigo1_6_0_, ciudad0_.nombre as nombre2_6_0_ from ciudad ciudad0_ where ciudad0_.codigo=?
Hibernate: select ciudad0_.codigo as codigo1_6_0_, ciudad0_.nombre as nombre2_6_0_ from ciudad ciudad0_ where ciudad0_.codigo=?
Vuelo(codigo=2, cantidadDeSillas=10, fecha=2022-12-06)
Vuelo(codigo=3, cantidadDeSillas=10, fecha=2022-12-07)
Vuelo(codigo=4, cantidadDeSillas=10, fecha=2022-12-08)
Vuelo(codigo=5, cantidadDeSillas=10, fecha=2022-12-09)
Hibernate: select vuelo0_.codigo as codigo1_18_0_, vuelo0_.cantidad_de_sillas as cantidad2_18_0_, vuelo0_.destino_codigo as destino_4_18_0_, vuelo0_.fecha as fecha3_18_0_, vuelo0_.origen_codigo as origen_c5_18_0_, ciudad1_.codigo as codigo1_6_1_, ciudad1_.nombre as nombre2_6_1_, ciudad2_.codigo as codigo1_6_2_, ciudad2_.nombre as nombre2_6_2_ from vuelo vuelo0_ inner join ciudad ciudad1_ on vuelo0_.destino_codigo=ciudad1_.codigo inner join ciudad ciudad2_ on vuelo0_.origen_codigo=ciudad2_.codigo where vuelo0_.codigo=?
2022-05-06 22:55:21.197  INFO 25816 --- [    Test worker] o.s.t.c.transaction.TransactionContext   : Rolled back transaction for test: [DefaultTestContext@76048d80 testClass = VueloServicioTest, testInstance = co.edu.uniquindio.proyecto.Tests.VueloServicioTest@420ef12c, testMethod = eliminarVueloTest@VueloServicioTest, testException = [null], mergedContextConfiguration = [WebMergedContextConfiguration@4069e936 testClass = VueloServicioTest, locations = '{}', classes = '{class co.edu.uniquindio.proyecto.NegocioApplication}', contextInitializerClasses = '[]', activeProfiles = '{}', propertySourceLocations = '{}', propertySourceProperties = '{org.springframework.boot.test.context.SpringBootTestContextBootstrapper=true}', contextCustomizers = set[org.springframework.boot.test.autoconfigure.actuate.metrics.MetricsExportContextCustomizerFactory$DisableMetricExportContextCustomizer@520f47e, org.springframework.boot.test.autoconfigure.properties.PropertyMappingContextCustomizer@0, org.springframework.boot.test.autoconfigure.web.servlet.WebDriverContextCustomizerFactory$Customizer@c572263, org.springframework.boot.test.context.filter.ExcludeFilterContextCustomizer@3cf4729a, org.springframework.boot.test.json.DuplicateJsonObjectContextCustomizerFactory$DuplicateJsonObjectContextCustomizer@1aba0803, org.springframework.boot.test.mock.mockito.MockitoContextCustomizer@0, org.springframework.boot.test.web.client.TestRestTemplateContextCustomizer@33a8cff1, org.springframework.boot.test.context.SpringBootTestArgs@1, org.springframework.boot.test.context.SpringBootTestWebEnvironment@17707cb3], resourceBasePath = 'src/main/webapp', contextLoader = 'org.springframework.boot.test.context.SpringBootContextLoader', parent = [null]], attributes = map['org.springframework.test.context.web.ServletTestExecutionListener.activateListener' -> true, 'org.springframework.test.context.web.ServletTestExecutionListener.populatedRequestContextHolder' -> true, 'org.springframework.test.context.web.ServletTestExecutionListener.resetRequestContextHolder' -> true, 'org.springframework.test.context.event.ApplicationEventsTestExecutionListener.recordApplicationEvents' -> false]]
]]></system-out>
  <system-err><![CDATA[]]></system-err>
</testsuite>
